<?xml version="1.0" encoding="UTF-8"?>
<testng-results ignored="0" total="1" passed="1" failed="0" skipped="0">
  <reporter-output>
  </reporter-output>
  <suite started-at="2023-01-30T23:53:33 PST" name="Default suite" finished-at="2023-01-30T23:53:41 PST" duration-ms="8365">
    <groups>
    </groups>
    <test started-at="2023-01-30T23:53:33 PST" name="Default test" finished-at="2023-01-30T23:53:41 PST" duration-ms="8365">
      <class name="tests.AddDeleteReport">
        <test-method is-config="true" signature="preRequisite()[pri:0, instance:tests.AddDeleteReport@16a0ee18]" started-at="2023-01-30T23:53:33 PST" name="preRequisite" finished-at="2023-01-30T23:53:35 PST" duration-ms="2313" status="PASS">
          <reporter-output>
          </reporter-output>
        </test-method> <!-- preRequisite -->
        <test-method signature="e2eReportFlow()[pri:0, instance:tests.AddDeleteReport@16a0ee18]" started-at="2023-01-30T23:53:35 PST" name="e2eReportFlow" finished-at="2023-01-30T23:53:41 PST" duration-ms="6025" status="PASS">
          <reporter-output>
          </reporter-output>
        </test-method> <!-- e2eReportFlow -->
      </class> <!-- tests.AddDeleteReport -->
    </test> <!-- Default test -->
  </suite> <!-- Default suite -->
</testng-results>
